Copyright 1986-2018 Xilinx, Inc. All Rights Reserved.
----------------------------------------------------------------------------------------
| Tool Version : Vivado v.2018.2 (win64) Build 2258646 Thu Jun 14 20:03:12 MDT 2018
| Date         : Mon Mar 15 23:52:05 2021
| Host         : LAPTOP-436CAPLO running 64-bit major release  (build 9200)
| Command      : report_control_sets -verbose -file Top_Student_control_sets_placed.rpt
| Design       : Top_Student
| Device       : xc7a35t
----------------------------------------------------------------------------------------

Control Set Information

Table of Contents
-----------------
1. Summary
2. Histogram
3. Flip-Flop Distribution
4. Detailed Control Set Information

1. Summary
----------

+----------------------------------------------------------+-------+
|                          Status                          | Count |
+----------------------------------------------------------+-------+
| Number of unique control sets                            |    11 |
| Unused register locations in slices containing registers |    30 |
+----------------------------------------------------------+-------+


2. Histogram
------------

+--------+--------------+
| Fanout | Control Sets |
+--------+--------------+
|      2 |            1 |
|      4 |            1 |
|    16+ |            9 |
+--------+--------------+


3. Flip-Flop Distribution
-------------------------

+--------------+-----------------------+------------------------+-----------------+--------------+
| Clock Enable | Synchronous Set/Reset | Asynchronous Set/Reset | Total Registers | Total Slices |
+--------------+-----------------------+------------------------+-----------------+--------------+
| No           | No                    | No                     |              72 |           14 |
| No           | No                    | Yes                    |               0 |            0 |
| No           | Yes                   | No                     |             170 |           26 |
| Yes          | No                    | No                     |               0 |            0 |
| Yes          | No                    | Yes                    |               0 |            0 |
| Yes          | Yes                   | No                     |             104 |           14 |
+--------------+-----------------------+------------------------+-----------------+--------------+


4. Detailed Control Set Information
-----------------------------------

+----------------------+-----------------------------------+--------------------------------------+------------------+----------------+
|     Clock Signal     |           Enable Signal           |           Set/Reset Signal           | Slice Load Count | Bel Load Count |
+----------------------+-----------------------------------+--------------------------------------+------------------+----------------+
| ~clk625_BUFG         |                                   |                                      |                1 |              2 |
|  clk625_BUFG         |                                   |                                      |                2 |              4 |
|  CLK100MHZ_IBUF_BUFG |                                   |                                      |                3 |             18 |
|  CLK100MHZ_IBUF_BUFG |                                   | sample_clk/new_clk                   |                3 |             22 |
|  CLK100MHZ_IBUF_BUFG |                                   | sample_clk/CLK                       |                3 |             24 |
| ~ac/J_MIC_Pin4_OBUF  |                                   |                                      |                4 |             24 |
|  sample_clk/CLK      |                                   |                                      |                4 |             24 |
| ~clk625_BUFG         |                                   | res/dff1/reset_active                |                6 |             34 |
| ~clk625_BUFG         | disp/delay[0]_i_1_n_0             | res/dff1/reset_active                |                5 |             40 |
| ~clk625_BUFG         | disp/FSM_onehot_state[31]_i_2_n_0 | res/dff1/reset_active                |                9 |             64 |
| ~clk625_BUFG         |                                   | res/dff2/spi_word_bit_count_reg[5]_0 |               14 |             90 |
+----------------------+-----------------------------------+--------------------------------------+------------------+----------------+


